<?xml version="1.0" encoding="UTF-8"?>
<TestRun id="fe5b3110-2723-4f8b-9813-faf3a63b8be1" name="Frank@DESKTOP 2010-04-17 12:30:25" runUser="Desktop\Frank" xmlns="http://microsoft.com/schemas/VisualStudio/TeamTest/2006">
  <TestRunConfiguration name="Local Test Run" id="f157de38-9661-4faf-9b32-9c14c4c65cf7">
    <Description>This is a default test run configuration for a local test run.</Description>
    <Deployment runDeploymentRoot="D:\Documents\School\see3po\PathFinding\TestResults\Frank_DESKTOP 2010-04-17 12_30_25">
      <DeploymentItem filename="D:\Documents\School\see3po\PathFinding\bin\Debug\PathFinding.dll" />
      <DeploymentItem filename="D:\Documents\School\see3po\PathFinding\FloorPlanAndTile.dll" />
      <DeploymentItem filename="D:\Documents\School\see3po\PathFinding\QuickGraph.dll" />
    </Deployment>
    <TestTypeSpecific />
  </TestRunConfiguration>
  <ResultSummary outcome="Failed">
    <Counters total="6" executed="6" error="0" failed="6" timeout="0" aborted="0" inconclusive="0" passedButRunAborted="0" notRunnable="0" notExecuted="0" disconnected="0" warning="0" passed="0" completed="0" inProgress="0" pending="0" />
  </ResultSummary>
  <Times creation="2010-04-17T12:30:25.6552928-04:00" queuing="2010-04-17T12:30:28.0304286-04:00" start="2010-04-17T12:30:28.2094389-04:00" finish="2010-04-17T12:30:28.7684708-04:00" />
  <TestDefinitions>
    <UnitTest name="getTileByIndexTest" storage="d:\documents\school\see3po\pathfinding\pathfindingtest\bin\debug\pathfindingtest.dll" id="7b0db109-b23e-1fe2-ba55-4b34dfeec5f8">
      <Css projectStructure="" iteration="" />
      <Owners>
        <Owner name="" />
      </Owners>
      <Execution id="97430d1b-79f0-4466-acdf-a6e952a53581" />
      <TestMethod codeBase="D:\Documents\School\see3po\PathFinding\PathFindingTest\bin\Debug\PathFindingTest.dll" adapterTypeName="Microsoft.VisualStudio.TestTools.TestTypes.Unit.UnitTestAdapter, Microsoft.VisualStudio.QualityTools.Tips.UnitTest.Adapter, Version=9.0.0.0, Culture=neutral, PublicKeyToken=b03f5f7f11d50a3a" className="PathFindingTest.QGPathFinderTest, PathFindingTest" name="getTileByIndexTest" />
    </UnitTest>
    <UnitTest name="buildGraphTest" storage="d:\documents\school\see3po\pathfinding\pathfindingtest\bin\debug\pathfindingtest.dll" id="a5fd3ca5-65b8-c888-d3aa-0cf11336dc2f">
      <Css projectStructure="" iteration="" />
      <Owners>
        <Owner name="" />
      </Owners>
      <Execution id="f64bce42-54e4-4c86-9880-57e592aea06b" />
      <TestMethod codeBase="D:\Documents\School\see3po\PathFinding\PathFindingTest\bin\Debug\PathFindingTest.dll" adapterTypeName="Microsoft.VisualStudio.TestTools.TestTypes.Unit.UnitTestAdapter, Microsoft.VisualStudio.QualityTools.Tips.UnitTest.Adapter, Version=9.0.0.0, Culture=neutral, PublicKeyToken=b03f5f7f11d50a3a" className="PathFindingTest.QGPathFinderTest, PathFindingTest" name="buildGraphTest" />
    </UnitTest>
    <UnitTest name="getPathTest" storage="d:\documents\school\see3po\pathfinding\pathfindingtest\bin\debug\pathfindingtest.dll" id="5fe5e714-a407-4071-b3ab-213aadd2824a">
      <Css projectStructure="" iteration="" />
      <Owners>
        <Owner name="" />
      </Owners>
      <Execution id="960c6969-f424-4559-931e-e6ce6a0abc05" />
      <TestMethod codeBase="D:\Documents\School\see3po\PathFinding\PathFindingTest\bin\Debug\PathFindingTest.dll" adapterTypeName="Microsoft.VisualStudio.TestTools.TestTypes.Unit.UnitTestAdapter, Microsoft.VisualStudio.QualityTools.Tips.UnitTest.Adapter, Version=9.0.0.0, Culture=neutral, PublicKeyToken=b03f5f7f11d50a3a" className="PathFindingTest.QGPathFinderTest, PathFindingTest" name="getPathTest" />
    </UnitTest>
    <UnitTest name="getPathTimeTest" storage="d:\documents\school\see3po\pathfinding\pathfindingtest\bin\debug\pathfindingtest.dll" id="560cb2e1-8453-2acc-5586-fbdff080d819">
      <Css projectStructure="" iteration="" />
      <Owners>
        <Owner name="" />
      </Owners>
      <Execution id="a0ae9aaf-e8c9-42c9-a0ce-c703dd4c873d" />
      <TestMethod codeBase="D:\Documents\School\see3po\PathFinding\PathFindingTest\bin\Debug\PathFindingTest.dll" adapterTypeName="Microsoft.VisualStudio.TestTools.TestTypes.Unit.UnitTestAdapter, Microsoft.VisualStudio.QualityTools.Tips.UnitTest.Adapter, Version=9.0.0.0, Culture=neutral, PublicKeyToken=b03f5f7f11d50a3a" className="PathFindingTest.QGPathFinderTest, PathFindingTest" name="getPathTimeTest" />
    </UnitTest>
    <UnitTest name="QGPathFinderConstructorTest" storage="d:\documents\school\see3po\pathfinding\pathfindingtest\bin\debug\pathfindingtest.dll" id="1f025164-97b9-37ea-c885-36a236001671">
      <Css projectStructure="" iteration="" />
      <Owners>
        <Owner name="" />
      </Owners>
      <Execution id="b12b382d-0451-4316-a579-693c2709a596" />
      <TestMethod codeBase="D:\Documents\School\see3po\PathFinding\PathFindingTest\bin\Debug\PathFindingTest.dll" adapterTypeName="Microsoft.VisualStudio.TestTools.TestTypes.Unit.UnitTestAdapter, Microsoft.VisualStudio.QualityTools.Tips.UnitTest.Adapter, Version=9.0.0.0, Culture=neutral, PublicKeyToken=b03f5f7f11d50a3a" className="PathFindingTest.QGPathFinderTest, PathFindingTest" name="QGPathFinderConstructorTest" />
    </UnitTest>
    <UnitTest name="getPathVisualizationTest" storage="d:\documents\school\see3po\pathfinding\pathfindingtest\bin\debug\pathfindingtest.dll" id="dde715ed-fae3-50c7-0f00-cbbbec57ed20">
      <Css projectStructure="" iteration="" />
      <Owners>
        <Owner name="" />
      </Owners>
      <Execution id="b14dac6a-5f34-481d-846f-e62b3d2ac995" />
      <TestMethod codeBase="D:\Documents\School\see3po\PathFinding\PathFindingTest\bin\Debug\PathFindingTest.dll" adapterTypeName="Microsoft.VisualStudio.TestTools.TestTypes.Unit.UnitTestAdapter, Microsoft.VisualStudio.QualityTools.Tips.UnitTest.Adapter, Version=9.0.0.0, Culture=neutral, PublicKeyToken=b03f5f7f11d50a3a" className="PathFindingTest.QGPathFinderTest, PathFindingTest" name="getPathVisualizationTest" />
    </UnitTest>
  </TestDefinitions>
  <TestLists>
    <TestList name="Results Not in a List" id="8c84fa94-04c1-424b-9868-57a2d4851a1d" />
    <TestList name="All Loaded Results" id="19431567-8539-422a-85d7-44ee4e166bda" />
  </TestLists>
  <TestEntries>
    <TestEntry testId="7b0db109-b23e-1fe2-ba55-4b34dfeec5f8" executionId="97430d1b-79f0-4466-acdf-a6e952a53581" testListId="8c84fa94-04c1-424b-9868-57a2d4851a1d" />
    <TestEntry testId="5fe5e714-a407-4071-b3ab-213aadd2824a" executionId="960c6969-f424-4559-931e-e6ce6a0abc05" testListId="8c84fa94-04c1-424b-9868-57a2d4851a1d" />
    <TestEntry testId="560cb2e1-8453-2acc-5586-fbdff080d819" executionId="a0ae9aaf-e8c9-42c9-a0ce-c703dd4c873d" testListId="8c84fa94-04c1-424b-9868-57a2d4851a1d" />
    <TestEntry testId="dde715ed-fae3-50c7-0f00-cbbbec57ed20" executionId="b14dac6a-5f34-481d-846f-e62b3d2ac995" testListId="8c84fa94-04c1-424b-9868-57a2d4851a1d" />
    <TestEntry testId="1f025164-97b9-37ea-c885-36a236001671" executionId="b12b382d-0451-4316-a579-693c2709a596" testListId="8c84fa94-04c1-424b-9868-57a2d4851a1d" />
    <TestEntry testId="a5fd3ca5-65b8-c888-d3aa-0cf11336dc2f" executionId="f64bce42-54e4-4c86-9880-57e592aea06b" testListId="8c84fa94-04c1-424b-9868-57a2d4851a1d" />
  </TestEntries>
  <Results>
    <UnitTestResult executionId="97430d1b-79f0-4466-acdf-a6e952a53581" testId="7b0db109-b23e-1fe2-ba55-4b34dfeec5f8" testName="getTileByIndexTest" computerName="DESKTOP" duration="00:00:00.0390101" startTime="2010-04-17T12:30:28.2664421-04:00" endTime="2010-04-17T12:30:28.5774599-04:00" testType="13cdc9d9-ddb5-4fa4-a97d-d965ccfc6d4b" outcome="Failed" testListId="8c84fa94-04c1-424b-9868-57a2d4851a1d">
      <Output>
        <ErrorInfo>
          <Message>Test method PathFindingTest.QGPathFinderTest.getTileByIndexTest threw exception:  System.ArgumentException: Parameter is not valid..</Message>
          <StackTrace>    at System.Drawing.Bitmap..ctor(String filename)
   at PathFindingTest.QGPathFinderTest.getTileByIndexTest() in D:\Documents\School\see3po\PathFinding\PathFindingTest\QGPathFinderTest.cs:line 78
</StackTrace>
        </ErrorInfo>
      </Output>
    </UnitTestResult>
    <UnitTestResult executionId="960c6969-f424-4559-931e-e6ce6a0abc05" testId="5fe5e714-a407-4071-b3ab-213aadd2824a" testName="getPathTest" computerName="DESKTOP" duration="00:00:00.0073822" startTime="2010-04-17T12:30:28.5794600-04:00" endTime="2010-04-17T12:30:28.5874605-04:00" testType="13cdc9d9-ddb5-4fa4-a97d-d965ccfc6d4b" outcome="Failed" testListId="8c84fa94-04c1-424b-9868-57a2d4851a1d">
      <Output>
        <ErrorInfo>
          <Message>Test method PathFindingTest.QGPathFinderTest.getPathTest threw exception:  System.ArgumentException: Parameter is not valid..</Message>
          <StackTrace>    at System.Drawing.Bitmap..ctor(String filename)
   at PathFindingTest.QGPathFinderTest.getPathTest() in D:\Documents\School\see3po\PathFinding\PathFindingTest\QGPathFinderTest.cs:line 95
</StackTrace>
        </ErrorInfo>
      </Output>
    </UnitTestResult>
    <UnitTestResult executionId="a0ae9aaf-e8c9-42c9-a0ce-c703dd4c873d" testId="560cb2e1-8453-2acc-5586-fbdff080d819" testName="getPathTimeTest" computerName="DESKTOP" duration="00:00:00.0053399" startTime="2010-04-17T12:30:28.5954609-04:00" endTime="2010-04-17T12:30:28.6014613-04:00" testType="13cdc9d9-ddb5-4fa4-a97d-d965ccfc6d4b" outcome="Failed" testListId="8c84fa94-04c1-424b-9868-57a2d4851a1d">
      <Output>
        <ErrorInfo>
          <Message>Test method PathFindingTest.QGPathFinderTest.getPathTimeTest threw exception:  System.ArgumentException: Parameter is not valid..</Message>
          <StackTrace>    at System.Drawing.Bitmap..ctor(String filename)
   at PathFindingTest.QGPathFinderTest.getPathTimeTest() in D:\Documents\School\see3po\PathFinding\PathFindingTest\QGPathFinderTest.cs:line 149
</StackTrace>
        </ErrorInfo>
      </Output>
    </UnitTestResult>
    <UnitTestResult executionId="b14dac6a-5f34-481d-846f-e62b3d2ac995" testId="dde715ed-fae3-50c7-0f00-cbbbec57ed20" testName="getPathVisualizationTest" computerName="DESKTOP" duration="00:00:00.0049002" startTime="2010-04-17T12:30:28.6064616-04:00" endTime="2010-04-17T12:30:28.6134620-04:00" testType="13cdc9d9-ddb5-4fa4-a97d-d965ccfc6d4b" outcome="Failed" testListId="8c84fa94-04c1-424b-9868-57a2d4851a1d">
      <Output>
        <ErrorInfo>
          <Message>Test method PathFindingTest.QGPathFinderTest.getPathVisualizationTest threw exception:  System.ArgumentException: Parameter is not valid..</Message>
          <StackTrace>    at System.Drawing.Bitmap..ctor(String filename)
   at PathFindingTest.QGPathFinderTest.getPathVisualizationTest() in D:\Documents\School\see3po\PathFinding\PathFindingTest\QGPathFinderTest.cs:line 211
</StackTrace>
        </ErrorInfo>
      </Output>
    </UnitTestResult>
    <UnitTestResult executionId="b12b382d-0451-4316-a579-693c2709a596" testId="1f025164-97b9-37ea-c885-36a236001671" testName="QGPathFinderConstructorTest" computerName="DESKTOP" duration="00:00:00.0049122" startTime="2010-04-17T12:30:28.6164621-04:00" endTime="2010-04-17T12:30:28.6224625-04:00" testType="13cdc9d9-ddb5-4fa4-a97d-d965ccfc6d4b" outcome="Failed" testListId="8c84fa94-04c1-424b-9868-57a2d4851a1d">
      <Output>
        <ErrorInfo>
          <Message>Test method PathFindingTest.QGPathFinderTest.QGPathFinderConstructorTest threw exception:  System.ArgumentException: Parameter is not valid..</Message>
          <StackTrace>    at System.Drawing.Bitmap..ctor(String filename)
   at PathFindingTest.QGPathFinderTest.QGPathFinderConstructorTest() in D:\Documents\School\see3po\PathFinding\PathFindingTest\QGPathFinderTest.cs:line 254
</StackTrace>
        </ErrorInfo>
      </Output>
    </UnitTestResult>
    <UnitTestResult executionId="f64bce42-54e4-4c86-9880-57e592aea06b" testId="a5fd3ca5-65b8-c888-d3aa-0cf11336dc2f" testName="buildGraphTest" computerName="DESKTOP" duration="00:00:00.0225773" startTime="2010-04-17T12:30:28.6274628-04:00" endTime="2010-04-17T12:30:28.6514641-04:00" testType="13cdc9d9-ddb5-4fa4-a97d-d965ccfc6d4b" outcome="Failed" testListId="8c84fa94-04c1-424b-9868-57a2d4851a1d">
      <Output>
        <ErrorInfo>
          <Message>Test method PathFindingTest.QGPathFinderTest.buildGraphTest threw exception:  System.ArgumentException: Parameter is not valid..</Message>
          <StackTrace>    at System.Drawing.Bitmap..ctor(String filename)
   at PathFindingTest.QGPathFinderTest.buildGraphTest() in D:\Documents\School\see3po\PathFinding\PathFindingTest\QGPathFinderTest.cs:line 268
</StackTrace>
        </ErrorInfo>
      </Output>
    </UnitTestResult>
  </Results>
</TestRun>